Using pre-set license
Built from '2020.3/staging' branch; Version is '2020.3.0f1 (c7b5465681fb) revision 13088070'; Using compiler version '192528614'; Build Type 'Release'
OS: 'Windows 10 Pro; OS build 22000.318; Version 2009; 64bit' Language: 'ja' Physical Memory: 16227 MB
BatchMode: 1, IsHumanControllingUs: 0, StartBugReporterOnCrash: 0, Is64bit: 1, IsPro: 0

 COMMAND LINE ARGUMENTS:
C:\Program Files\Unity\Hub\Editor\2020.3.0f1\Editor\Unity.exe
-adb2
-batchMode
-noUpm
-name
AssetImportWorker0
-projectPath
C:/K020G1452/卒業制作/PlusMino/PlusMino
-logFile
Logs/AssetImportWorker0.log
-srvPort
56960
Successfully changed project path to: C:/K020G1452/卒業制作/PlusMino/PlusMino
C:/K020G1452/卒業制作/PlusMino/PlusMino
Using Asset Import Pipeline V2.
Refreshing native plugins compatible for Editor in 31.86 ms, found 1 plugins.
Preloading 0 native plugins for Editor in 0.00 ms.
Initialize engine version: 2020.3.0f1 (c7b5465681fb)
[Subsystems] Discovering subsystems at path C:/Program Files/Unity/Hub/Editor/2020.3.0f1/Editor/Data/Resources/UnitySubsystems
[Subsystems] Discovering subsystems at path C:/K020G1452/卒業制作/PlusMino/PlusMino/Assets
GfxDevice: creating device client; threaded=0
Direct3D:
    Version:  Direct3D 11.0 [level 11.1]
    Renderer: NVIDIA GeForce GTX 1660 Ti (ID=0x2191)
    Vendor:   
    VRAM:     5991 MB
    Driver:   26.21.14.3184
Initialize mono
Mono path[0] = 'C:/Program Files/Unity/Hub/Editor/2020.3.0f1/Editor/Data/Managed'
Mono path[1] = 'C:/Program Files/Unity/Hub/Editor/2020.3.0f1/Editor/Data/MonoBleedingEdge/lib/mono/unityjit'
Mono config path = 'C:/Program Files/Unity/Hub/Editor/2020.3.0f1/Editor/Data/MonoBleedingEdge/etc'
Using monoOptions --debugger-agent=transport=dt_socket,embedding=1,server=y,suspend=n,address=127.0.0.1:56380
Begin MonoManager ReloadAssembly
Registering precompiled unity dll's ...
Register platform support module: C:/Program Files/Unity/Hub/Editor/2020.3.0f1/Editor/Data/PlaybackEngines/WindowsStandaloneSupport/UnityEditor.WindowsStandalone.Extensions.dll
Registered in 0.001428 seconds.
Native extension for WindowsStandalone target not found
Refreshing native plugins compatible for Editor in 31.14 ms, found 1 plugins.
Preloading 0 native plugins for Editor in 0.00 ms.
Invoked RoslynAnalysisRunner static constructor.
RoslynAnalysisRunner will not be running.
RoslynAnalysisRunner has terminated.
Mono: successfully reloaded assembly
- Completed reload, in  0.966 seconds
Platform modules already initialized, skipping
Registering precompiled user dll's ...
Registered in 0.000777 seconds.
Begin MonoManager ReloadAssembly
Native extension for WindowsStandalone target not found
Refreshing native plugins compatible for Editor in 30.49 ms, found 1 plugins.
Preloading 0 native plugins for Editor in 0.00 ms.
Invoked RoslynAnalysisRunner static constructor.
RoslynAnalysisRunner will not be running.
RoslynAnalysisRunner has terminated.
Mono: successfully reloaded assembly
- Completed reload, in  0.851 seconds
Platform modules already initialized, skipping
========================================================================
Worker process is ready to serve import requests
Launched and connected shader compiler UnityShaderCompiler.exe after 0.06 seconds
Refreshing native plugins compatible for Editor in 0.34 ms, found 1 plugins.
Preloading 0 native plugins for Editor in 0.00 ms.
Unloading 1806 Unused Serialized files (Serialized files now loaded: 0)
System memory in use before: 87.2 MB.
System memory in use after: 87.2 MB.

Unloading 24 unused Assets to reduce memory usage. Loaded Objects now: 2248.
Total: 2.170700 ms (FindLiveObjects: 0.172900 ms CreateObjectMapping: 0.084800 ms MarkObjects: 1.794000 ms  DeleteObjects: 0.117700 ms)

========================================================================
Received Import Request.
  path: Assets
  artifactKey: Guid(00000000000000001000000000000000) Importer(815301076,1909f56bfc062723c751e8b465ee728b)
Start importing Assets using Guid(00000000000000001000000000000000) Importer(815301076,1909f56bfc062723c751e8b465ee728b)  -> (artifact id: '42baae205c97e3337697759514652acd') in 0.010757 seconds
  Import took 0.013358 seconds .

========================================================================
Received Import Request.
  Time since last request: 0.000298 seconds.
  path: Assets/Scenes
  artifactKey: Guid(f14834d9b356eac4aa28e0a2bebc8076) Importer(815301076,1909f56bfc062723c751e8b465ee728b)
Start importing Assets/Scenes using Guid(f14834d9b356eac4aa28e0a2bebc8076) Importer(815301076,1909f56bfc062723c751e8b465ee728b)  -> (artifact id: '6187731e37c80e72d522e8d194df1bf6') in 0.006940 seconds
  Import took 0.009450 seconds .

========================================================================
Received Import Request.
  Time since last request: 0.000307 seconds.
  path: Assets/Scenes/SampleScene.unity
  artifactKey: Guid(2cda990e2423bbf4892e6590ba056729) Importer(815301076,1909f56bfc062723c751e8b465ee728b)
Start importing Assets/Scenes/SampleScene.unity using Guid(2cda990e2423bbf4892e6590ba056729) Importer(815301076,1909f56bfc062723c751e8b465ee728b)  -> (artifact id: '4277dab6a28e8e1d23739f05f438b540') in 0.012998 seconds
  Import took 0.015912 seconds .

========================================================================
Received Import Request.
  Time since last request: 9.379665 seconds.
  path: Assets/Scenes/GameScene.unity
  artifactKey: Guid(2cda990e2423bbf4892e6590ba056729) Importer(815301076,1909f56bfc062723c751e8b465ee728b)
Start importing Assets/Scenes/GameScene.unity using Guid(2cda990e2423bbf4892e6590ba056729) Importer(815301076,1909f56bfc062723c751e8b465ee728b)  -> (artifact id: '539ab3f67b6db3abb8635cce5a0ab251') in 0.009468 seconds
  Import took 0.012063 seconds .

========================================================================
Received Import Request.
  Time since last request: 13.531502 seconds.
  path: Assets/Scenes/GameClear.unity
  artifactKey: Guid(faee2be47a547c940b69f43ca2206171) Importer(815301076,1909f56bfc062723c751e8b465ee728b)
Start importing Assets/Scenes/GameClear.unity using Guid(faee2be47a547c940b69f43ca2206171) Importer(815301076,1909f56bfc062723c751e8b465ee728b)  -> (artifact id: '01ebf54262b92c526776ae532fb4f7e9') in 0.009448 seconds
  Import took 0.012076 seconds .

========================================================================
Received Import Request.
  Time since last request: 0.000317 seconds.
  path: Assets/Scenes/GameClear.unity
  artifactKey: Guid(faee2be47a547c940b69f43ca2206171) Importer(815301076,1909f56bfc062723c751e8b465ee728b)
Start importing Assets/Scenes/GameClear.unity using Guid(faee2be47a547c940b69f43ca2206171) Importer(815301076,1909f56bfc062723c751e8b465ee728b)  -> (artifact id: '01ebf54262b92c526776ae532fb4f7e9') in 0.004062 seconds
  Import took 0.007184 seconds .

========================================================================
Received Import Request.
  Time since last request: 14.331560 seconds.
  path: Assets/Scenes/GameOver.unity
  artifactKey: Guid(95b5d15a43125604d9a34684b0bcc6bd) Importer(815301076,1909f56bfc062723c751e8b465ee728b)
Start importing Assets/Scenes/GameOver.unity using Guid(95b5d15a43125604d9a34684b0bcc6bd) Importer(815301076,1909f56bfc062723c751e8b465ee728b)  -> (artifact id: '18010c3c89b1ebf4c73859d2fad64f47') in 0.009284 seconds
  Import took 0.012335 seconds .

========================================================================
Received Import Request.
  Time since last request: 0.000700 seconds.
  path: Assets/Scenes/GameOver.unity
  artifactKey: Guid(95b5d15a43125604d9a34684b0bcc6bd) Importer(815301076,1909f56bfc062723c751e8b465ee728b)
Start importing Assets/Scenes/GameOver.unity using Guid(95b5d15a43125604d9a34684b0bcc6bd) Importer(815301076,1909f56bfc062723c751e8b465ee728b)  -> (artifact id: '18010c3c89b1ebf4c73859d2fad64f47') in 0.003605 seconds
  Import took 0.006188 seconds .

========================================================================
Received Import Request.
  Time since last request: 6.346096 seconds.
  path: Assets/New Folder
  artifactKey: Guid(3a009704faa691242bb1dc947ab93cf2) Importer(815301076,1909f56bfc062723c751e8b465ee728b)
Start importing Assets/New Folder using Guid(3a009704faa691242bb1dc947ab93cf2) Importer(815301076,1909f56bfc062723c751e8b465ee728b)  -> (artifact id: 'e4641dcd5794afe39a3649cb184e498f') in 0.009148 seconds
  Import took 0.011728 seconds .

========================================================================
Received Import Request.
  Time since last request: 0.000841 seconds.
  path: Assets/New Folder
  artifactKey: Guid(3a009704faa691242bb1dc947ab93cf2) Importer(815301076,1909f56bfc062723c751e8b465ee728b)
Start importing Assets/New Folder using Guid(3a009704faa691242bb1dc947ab93cf2) Importer(815301076,1909f56bfc062723c751e8b465ee728b)  -> (artifact id: 'e4641dcd5794afe39a3649cb184e498f') in 0.003373 seconds
  Import took 0.006509 seconds .

========================================================================
Received Import Request.
  Time since last request: 11.129144 seconds.
  path: Assets/Prefab
  artifactKey: Guid(3a009704faa691242bb1dc947ab93cf2) Importer(815301076,1909f56bfc062723c751e8b465ee728b)
Start importing Assets/Prefab using Guid(3a009704faa691242bb1dc947ab93cf2) Importer(815301076,1909f56bfc062723c751e8b465ee728b)  -> (artifact id: 'c5fed21e70b063c5744332b435f7ea34') in 0.010268 seconds
  Import took 0.013111 seconds .

========================================================================
Received Import Request.
  Time since last request: 0.001448 seconds.
  path: Assets/Prefab
  artifactKey: Guid(3a009704faa691242bb1dc947ab93cf2) Importer(815301076,1909f56bfc062723c751e8b465ee728b)
Start importing Assets/Prefab using Guid(3a009704faa691242bb1dc947ab93cf2) Importer(815301076,1909f56bfc062723c751e8b465ee728b)  -> (artifact id: 'c5fed21e70b063c5744332b435f7ea34') in 0.004033 seconds
  Import took 0.007092 seconds .

========================================================================
Received Import Request.
  Time since last request: 17.854587 seconds.
  path: Assets/Resources
  artifactKey: Guid(4b6f93c042a61044a93ffb14bd48d412) Importer(815301076,1909f56bfc062723c751e8b465ee728b)
Start importing Assets/Resources using Guid(4b6f93c042a61044a93ffb14bd48d412) Importer(815301076,1909f56bfc062723c751e8b465ee728b)  -> (artifact id: 'b2f43e3ec4c6affd2ec0a974b3250c01') in 0.009231 seconds
  Import took 0.012095 seconds .

========================================================================
Received Import Request.
  Time since last request: 10.850812 seconds.
  path: Assets/Script
  artifactKey: Guid(b23136a97bbb31d4480895a4803dba29) Importer(815301076,1909f56bfc062723c751e8b465ee728b)
Start importing Assets/Script using Guid(b23136a97bbb31d4480895a4803dba29) Importer(815301076,1909f56bfc062723c751e8b465ee728b)  -> (artifact id: 'd3f71a04e659c1ff1f2b2b7eede92d27') in 0.010514 seconds
  Import took 0.013750 seconds .

========================================================================
Received Import Request.
  Time since last request: 0.000441 seconds.
  path: Assets/Script
  artifactKey: Guid(b23136a97bbb31d4480895a4803dba29) Importer(815301076,1909f56bfc062723c751e8b465ee728b)
Start importing Assets/Script using Guid(b23136a97bbb31d4480895a4803dba29) Importer(815301076,1909f56bfc062723c751e8b465ee728b)  -> (artifact id: 'd3f71a04e659c1ff1f2b2b7eede92d27') in 0.003586 seconds
  Import took 0.006288 seconds .

========================================================================
Received Import Request.
  Time since last request: 45.189439 seconds.
  path: Assets/Mino.cs
  artifactKey: Guid(c692e38021b0e364982984cd98535d2f) Importer(815301076,1909f56bfc062723c751e8b465ee728b)
Start importing Assets/Mino.cs using Guid(c692e38021b0e364982984cd98535d2f) Importer(815301076,1909f56bfc062723c751e8b465ee728b)  -> (artifact id: '52f6ad1fa2217245e2e3395441075352') in 0.025708 seconds
  Import took 0.028387 seconds .

========================================================================
Received Import Request.
  Time since last request: 0.186317 seconds.
  path: Assets/Mino.cs
  artifactKey: Guid(c692e38021b0e364982984cd98535d2f) Importer(815301076,1909f56bfc062723c751e8b465ee728b)
Start importing Assets/Mino.cs using Guid(c692e38021b0e364982984cd98535d2f) Importer(815301076,1909f56bfc062723c751e8b465ee728b)  -> (artifact id: '52f6ad1fa2217245e2e3395441075352') in 0.003034 seconds
  Import took 0.005871 seconds .

========================================================================
Received Prepare
Registering precompiled user dll's ...
Registered in 0.000800 seconds.
Begin MonoManager ReloadAssembly
Native extension for WindowsStandalone target not found
Refreshing native plugins compatible for Editor in 0.31 ms, found 1 plugins.
Preloading 0 native plugins for Editor in 0.00 ms.
Invoked RoslynAnalysisRunner static constructor.
RoslynAnalysisRunner will not be running.
RoslynAnalysisRunner has terminated.
Mono: successfully reloaded assembly
- Completed reload, in  0.784 seconds
Platform modules already initialized, skipping
Refreshing native plugins compatible for Editor in 0.35 ms, found 1 plugins.
Preloading 0 native plugins for Editor in 0.00 ms.
Unloading 1802 Unused Serialized files (Serialized files now loaded: 0)
System memory in use before: 87.3 MB.
System memory in use after: 87.3 MB.

Unloading 12 unused Assets to reduce memory usage. Loaded Objects now: 2253.
Total: 2.260000 ms (FindLiveObjects: 0.186400 ms CreateObjectMapping: 0.077200 ms MarkObjects: 1.891900 ms  DeleteObjects: 0.103300 ms)

========================================================================
Received Prepare
Registering precompiled user dll's ...
Registered in 0.001538 seconds.
Begin MonoManager ReloadAssembly
Native extension for WindowsStandalone target not found
Refreshing native plugins compatible for Editor in 0.31 ms, found 1 plugins.
Preloading 0 native plugins for Editor in 0.00 ms.
Invoked RoslynAnalysisRunner static constructor.
RoslynAnalysisRunner will not be running.
RoslynAnalysisRunner has terminated.
Mono: successfully reloaded assembly
- Completed reload, in  0.787 seconds
Platform modules already initialized, skipping
Refreshing native plugins compatible for Editor in 0.35 ms, found 1 plugins.
Preloading 0 native plugins for Editor in 0.00 ms.
Unloading 1802 Unused Serialized files (Serialized files now loaded: 0)
System memory in use before: 87.3 MB.
System memory in use after: 87.3 MB.

Unloading 12 unused Assets to reduce memory usage. Loaded Objects now: 2257.
Total: 2.726600 ms (FindLiveObjects: 0.198600 ms CreateObjectMapping: 0.069300 ms MarkObjects: 2.275200 ms  DeleteObjects: 0.181700 ms)

========================================================================
Received Import Request.
  Time since last request: 1278.379199 seconds.
  path: Assets/Mino.cs
  artifactKey: Guid(c692e38021b0e364982984cd98535d2f) Importer(815301076,1909f56bfc062723c751e8b465ee728b)
Start importing Assets/Mino.cs using Guid(c692e38021b0e364982984cd98535d2f) Importer(815301076,1909f56bfc062723c751e8b465ee728b)  -> (artifact id: 'd043287fc1be646340363ddd1f22dd47') in 0.005754 seconds
  Import took 0.010193 seconds .

========================================================================
Received Prepare
Registering precompiled user dll's ...
Registered in 0.001009 seconds.
Begin MonoManager ReloadAssembly
Native extension for WindowsStandalone target not found
Refreshing native plugins compatible for Editor in 0.60 ms, found 1 plugins.
Preloading 0 native plugins for Editor in 0.00 ms.
Invoked RoslynAnalysisRunner static constructor.
RoslynAnalysisRunner will not be running.
RoslynAnalysisRunner has terminated.
Mono: successfully reloaded assembly
- Completed reload, in  1.061 seconds
Platform modules already initialized, skipping
Refreshing native plugins compatible for Editor in 0.37 ms, found 1 plugins.
Preloading 0 native plugins for Editor in 0.00 ms.
Unloading 1802 Unused Serialized files (Serialized files now loaded: 0)
System memory in use before: 87.3 MB.
System memory in use after: 87.3 MB.

Unloading 12 unused Assets to reduce memory usage. Loaded Objects now: 2261.
Total: 3.175000 ms (FindLiveObjects: 0.513000 ms CreateObjectMapping: 0.145300 ms MarkObjects: 2.385700 ms  DeleteObjects: 0.129300 ms)

========================================================================
Received Prepare
Registering precompiled user dll's ...
Registered in 0.000905 seconds.
Begin MonoManager ReloadAssembly
Native extension for WindowsStandalone target not found
Refreshing native plugins compatible for Editor in 0.34 ms, found 1 plugins.
Preloading 0 native plugins for Editor in 0.00 ms.
Invoked RoslynAnalysisRunner static constructor.
RoslynAnalysisRunner will not be running.
RoslynAnalysisRunner has terminated.
Mono: successfully reloaded assembly
- Completed reload, in  0.825 seconds
Platform modules already initialized, skipping
Refreshing native plugins compatible for Editor in 0.32 ms, found 1 plugins.
Preloading 0 native plugins for Editor in 0.00 ms.
Unloading 1802 Unused Serialized files (Serialized files now loaded: 0)
System memory in use before: 87.3 MB.
System memory in use after: 87.3 MB.

Unloading 12 unused Assets to reduce memory usage. Loaded Objects now: 2265.
Total: 2.740400 ms (FindLiveObjects: 0.170000 ms CreateObjectMapping: 0.059900 ms MarkObjects: 2.377100 ms  DeleteObjects: 0.132300 ms)

========================================================================
Received Prepare
Registering precompiled user dll's ...
Registered in 0.000853 seconds.
Begin MonoManager ReloadAssembly
Native extension for WindowsStandalone target not found
Refreshing native plugins compatible for Editor in 0.32 ms, found 1 plugins.
Preloading 0 native plugins for Editor in 0.00 ms.
Invoked RoslynAnalysisRunner static constructor.
RoslynAnalysisRunner will not be running.
RoslynAnalysisRunner has terminated.
Mono: successfully reloaded assembly
- Completed reload, in  0.818 seconds
Platform modules already initialized, skipping
Refreshing native plugins compatible for Editor in 0.32 ms, found 1 plugins.
Preloading 0 native plugins for Editor in 0.00 ms.
Unloading 1802 Unused Serialized files (Serialized files now loaded: 0)
System memory in use before: 87.4 MB.
System memory in use after: 87.3 MB.

Unloading 12 unused Assets to reduce memory usage. Loaded Objects now: 2269.
Total: 2.286100 ms (FindLiveObjects: 0.332800 ms CreateObjectMapping: 0.068100 ms MarkObjects: 1.792100 ms  DeleteObjects: 0.091900 ms)

========================================================================
Received Prepare
Registering precompiled user dll's ...
Registered in 0.000929 seconds.
Begin MonoManager ReloadAssembly
Native extension for WindowsStandalone target not found
Refreshing native plugins compatible for Editor in 0.33 ms, found 1 plugins.
Preloading 0 native plugins for Editor in 0.00 ms.
Invoked RoslynAnalysisRunner static constructor.
RoslynAnalysisRunner will not be running.
RoslynAnalysisRunner has terminated.
Mono: successfully reloaded assembly
- Completed reload, in  0.824 seconds
Platform modules already initialized, skipping
Refreshing native plugins compatible for Editor in 0.32 ms, found 1 plugins.
Preloading 0 native plugins for Editor in 0.00 ms.
Unloading 1802 Unused Serialized files (Serialized files now loaded: 0)
System memory in use before: 87.4 MB.
System memory in use after: 87.4 MB.

Unloading 12 unused Assets to reduce memory usage. Loaded Objects now: 2273.
Total: 2.123800 ms (FindLiveObjects: 0.195900 ms CreateObjectMapping: 0.074400 ms MarkObjects: 1.741000 ms  DeleteObjects: 0.111300 ms)

========================================================================
Received Import Request.
  Time since last request: 261.925567 seconds.
  path: Assets/Script/Mino.cs
  artifactKey: Guid(c692e38021b0e364982984cd98535d2f) Importer(815301076,1909f56bfc062723c751e8b465ee728b)
Start importing Assets/Script/Mino.cs using Guid(c692e38021b0e364982984cd98535d2f) Importer(815301076,1909f56bfc062723c751e8b465ee728b)  -> (artifact id: '558ee55147107629f6d0fca1477ddba1') in 0.005870 seconds
  Import took 0.008864 seconds .

========================================================================
Received Prepare
Registering precompiled user dll's ...
Registered in 0.000978 seconds.
Begin MonoManager ReloadAssembly
Native extension for WindowsStandalone target not found
Refreshing native plugins compatible for Editor in 0.36 ms, found 1 plugins.
Preloading 0 native plugins for Editor in 0.00 ms.
Invoked RoslynAnalysisRunner static constructor.
RoslynAnalysisRunner will not be running.
RoslynAnalysisRunner has terminated.
Mono: successfully reloaded assembly
- Completed reload, in  0.864 seconds
Platform modules already initialized, skipping
Refreshing native plugins compatible for Editor in 0.32 ms, found 1 plugins.
Preloading 0 native plugins for Editor in 0.00 ms.
Unloading 1802 Unused Serialized files (Serialized files now loaded: 0)
System memory in use before: 87.4 MB.
System memory in use after: 87.4 MB.

Unloading 12 unused Assets to reduce memory usage. Loaded Objects now: 2277.
Total: 3.976500 ms (FindLiveObjects: 0.323100 ms CreateObjectMapping: 0.110800 ms MarkObjects: 3.361500 ms  DeleteObjects: 0.178700 ms)

========================================================================
Received Prepare
Registering precompiled user dll's ...
Registered in 0.000921 seconds.
Begin MonoManager ReloadAssembly
Native extension for WindowsStandalone target not found
Refreshing native plugins compatible for Editor in 0.33 ms, found 1 plugins.
Preloading 0 native plugins for Editor in 0.00 ms.
Invoked RoslynAnalysisRunner static constructor.
RoslynAnalysisRunner will not be running.
RoslynAnalysisRunner has terminated.
Mono: successfully reloaded assembly
- Completed reload, in  0.819 seconds
Platform modules already initialized, skipping
Refreshing native plugins compatible for Editor in 0.32 ms, found 1 plugins.
Preloading 0 native plugins for Editor in 0.00 ms.
Unloading 1802 Unused Serialized files (Serialized files now loaded: 0)
System memory in use before: 87.4 MB.
System memory in use after: 87.4 MB.

Unloading 12 unused Assets to reduce memory usage. Loaded Objects now: 2281.
Total: 2.087100 ms (FindLiveObjects: 0.229900 ms CreateObjectMapping: 0.068800 ms MarkObjects: 1.686000 ms  DeleteObjects: 0.101300 ms)

========================================================================
Received Import Request.
  Time since last request: 490.129784 seconds.
  path: Assets/Script/Mino.cs
  artifactKey: Guid(c692e38021b0e364982984cd98535d2f) Importer(815301076,1909f56bfc062723c751e8b465ee728b)
Start importing Assets/Script/Mino.cs using Guid(c692e38021b0e364982984cd98535d2f) Importer(815301076,1909f56bfc062723c751e8b465ee728b)  -> (artifact id: 'd9d0cb3f93e46dd95db43292c35475bb') in 0.014793 seconds
  Import took 0.022483 seconds .

========================================================================
Received Import Request.
  Time since last request: 64.509699 seconds.
  path: Assets/Resources/Numbers
  artifactKey: Guid(e9df7c6bb4a47ca429617b247085db81) Importer(815301076,1909f56bfc062723c751e8b465ee728b)
Start importing Assets/Resources/Numbers using Guid(e9df7c6bb4a47ca429617b247085db81) Importer(815301076,1909f56bfc062723c751e8b465ee728b)  -> (artifact id: '5e895befc58f20b92f3552ffd0f93b6a') in 0.009558 seconds
  Import took 0.012360 seconds .

========================================================================
Received Import Request.
  Time since last request: 0.052477 seconds.
  path: Assets/Resources/Numbers/1.png
  artifactKey: Guid(f5f3f3d103716b641a8f8d2e754b5305) Importer(815301076,1909f56bfc062723c751e8b465ee728b)
Start importing Assets/Resources/Numbers/1.png using Guid(f5f3f3d103716b641a8f8d2e754b5305) Importer(815301076,1909f56bfc062723c751e8b465ee728b)  -> (artifact id: '6c207b34deac6fac960e64689d3dcb09') in 0.080628 seconds
  Import took 0.083494 seconds .

========================================================================
Received Import Request.
  Time since last request: 0.000321 seconds.
  path: Assets/Resources/Numbers/5.png
  artifactKey: Guid(d8e8df0f030bf6844898bbc331e93efc) Importer(815301076,1909f56bfc062723c751e8b465ee728b)
Start importing Assets/Resources/Numbers/5.png using Guid(d8e8df0f030bf6844898bbc331e93efc) Importer(815301076,1909f56bfc062723c751e8b465ee728b)  -> (artifact id: 'e6aa9eeb478b9dfe1f099213ba72d46e') in 0.016110 seconds
  Import took 0.019190 seconds .

========================================================================
Received Import Request.
  Time since last request: 0.000298 seconds.
  path: Assets/Resources/Numbers/6.png
  artifactKey: Guid(2f63ccf0285a338409837b67c1d0087d) Importer(815301076,1909f56bfc062723c751e8b465ee728b)
Start importing Assets/Resources/Numbers/6.png using Guid(2f63ccf0285a338409837b67c1d0087d) Importer(815301076,1909f56bfc062723c751e8b465ee728b)  -> (artifact id: '941c0c6429ebe85e6463b293aafbc391') in 0.015893 seconds
  Import took 0.019762 seconds .

========================================================================
Received Import Request.
  Time since last request: 0.000652 seconds.
  path: Assets/Resources/Numbers/4.png
  artifactKey: Guid(8c6805ba3dfaee148a4747123775e7ed) Importer(815301076,1909f56bfc062723c751e8b465ee728b)
Start importing Assets/Resources/Numbers/4.png using Guid(8c6805ba3dfaee148a4747123775e7ed) Importer(815301076,1909f56bfc062723c751e8b465ee728b)  -> (artifact id: 'ec3b5e6d85abf89f0a82413bef9da4a4') in 0.016916 seconds
  Import took 0.020453 seconds .

========================================================================
Received Import Request.
  Time since last request: 0.000272 seconds.
  path: Assets/Resources/Numbers/2.png
  artifactKey: Guid(fe779f549e932cc44a0a990e18c373ff) Importer(815301076,1909f56bfc062723c751e8b465ee728b)
Start importing Assets/Resources/Numbers/2.png using Guid(fe779f549e932cc44a0a990e18c373ff) Importer(815301076,1909f56bfc062723c751e8b465ee728b)  -> (artifact id: '2f4d99c6a409dbf30a109bf3c049e14d') in 0.015482 seconds
  Import took 0.018746 seconds .

========================================================================
Received Import Request.
  Time since last request: 0.000297 seconds.
  path: Assets/Resources/Numbers/3.png
  artifactKey: Guid(0f6c4f1a3b28317479c7a6eb89facb15) Importer(815301076,1909f56bfc062723c751e8b465ee728b)
Start importing Assets/Resources/Numbers/3.png using Guid(0f6c4f1a3b28317479c7a6eb89facb15) Importer(815301076,1909f56bfc062723c751e8b465ee728b)  -> (artifact id: 'bbba037dddee23006f9d645c0d01b65e') in 0.014564 seconds
  Import took 0.017976 seconds .

========================================================================
Received Prepare
Registering precompiled user dll's ...
Registered in 0.001064 seconds.
Begin MonoManager ReloadAssembly
Native extension for WindowsStandalone target not found
Refreshing native plugins compatible for Editor in 0.32 ms, found 1 plugins.
Preloading 0 native plugins for Editor in 0.00 ms.
Invoked RoslynAnalysisRunner static constructor.
RoslynAnalysisRunner will not be running.
RoslynAnalysisRunner has terminated.
Mono: successfully reloaded assembly
- Completed reload, in  0.833 seconds
Platform modules already initialized, skipping
Refreshing native plugins compatible for Editor in 0.31 ms, found 1 plugins.
Preloading 0 native plugins for Editor in 0.00 ms.
Unloading 1802 Unused Serialized files (Serialized files now loaded: 0)
System memory in use before: 90.5 MB.
System memory in use after: 90.5 MB.

Unloading 12 unused Assets to reduce memory usage. Loaded Objects now: 2291.
Total: 1.873400 ms (FindLiveObjects: 0.178900 ms CreateObjectMapping: 0.060800 ms MarkObjects: 1.538600 ms  DeleteObjects: 0.093900 ms)

========================================================================
Received Prepare
Registering precompiled user dll's ...
Registered in 0.000936 seconds.
Begin MonoManager ReloadAssembly
Native extension for WindowsStandalone target not found
Refreshing native plugins compatible for Editor in 0.34 ms, found 1 plugins.
Preloading 0 native plugins for Editor in 0.00 ms.
Invoked RoslynAnalysisRunner static constructor.
RoslynAnalysisRunner will not be running.
RoslynAnalysisRunner has terminated.
Mono: successfully reloaded assembly
- Completed reload, in  0.832 seconds
Platform modules already initialized, skipping
Refreshing native plugins compatible for Editor in 0.33 ms, found 1 plugins.
Preloading 0 native plugins for Editor in 0.00 ms.
Unloading 1802 Unused Serialized files (Serialized files now loaded: 0)
System memory in use before: 90.5 MB.
System memory in use after: 90.5 MB.

Unloading 12 unused Assets to reduce memory usage. Loaded Objects now: 2295.
Total: 2.032700 ms (FindLiveObjects: 0.189400 ms CreateObjectMapping: 0.056500 ms MarkObjects: 1.685900 ms  DeleteObjects: 0.100100 ms)

========================================================================
Received Prepare
Registering precompiled user dll's ...
Registered in 0.001386 seconds.
Begin MonoManager ReloadAssembly
Native extension for WindowsStandalone target not found
Refreshing native plugins compatible for Editor in 0.33 ms, found 1 plugins.
Preloading 0 native plugins for Editor in 0.00 ms.
Invoked RoslynAnalysisRunner static constructor.
RoslynAnalysisRunner will not be running.
RoslynAnalysisRunner has terminated.
Mono: successfully reloaded assembly
- Completed reload, in  0.773 seconds
Platform modules already initialized, skipping
Refreshing native plugins compatible for Editor in 0.32 ms, found 1 plugins.
Preloading 0 native plugins for Editor in 0.00 ms.
Unloading 1802 Unused Serialized files (Serialized files now loaded: 0)
System memory in use before: 90.5 MB.
System memory in use after: 90.5 MB.

Unloading 12 unused Assets to reduce memory usage. Loaded Objects now: 2299.
Total: 2.222500 ms (FindLiveObjects: 0.172000 ms CreateObjectMapping: 0.063500 ms MarkObjects: 1.888000 ms  DeleteObjects: 0.098200 ms)

========================================================================
Received Prepare
Registering precompiled user dll's ...
Registered in 0.000823 seconds.
Begin MonoManager ReloadAssembly
Native extension for WindowsStandalone target not found
Refreshing native plugins compatible for Editor in 0.32 ms, found 1 plugins.
Preloading 0 native plugins for Editor in 0.00 ms.
Invoked RoslynAnalysisRunner static constructor.
RoslynAnalysisRunner will not be running.
RoslynAnalysisRunner has terminated.
Mono: successfully reloaded assembly
- Completed reload, in  0.771 seconds
Platform modules already initialized, skipping
Refreshing native plugins compatible for Editor in 0.32 ms, found 1 plugins.
Preloading 0 native plugins for Editor in 0.00 ms.
Unloading 1802 Unused Serialized files (Serialized files now loaded: 0)
System memory in use before: 90.5 MB.
System memory in use after: 90.5 MB.

Unloading 12 unused Assets to reduce memory usage. Loaded Objects now: 2303.
Total: 2.180500 ms (FindLiveObjects: 0.276600 ms CreateObjectMapping: 0.071900 ms MarkObjects: 1.728800 ms  DeleteObjects: 0.102400 ms)

========================================================================
Received Prepare
Registering precompiled user dll's ...
Registered in 0.001036 seconds.
Begin MonoManager ReloadAssembly
Native extension for WindowsStandalone target not found
Refreshing native plugins compatible for Editor in 0.33 ms, found 1 plugins.
Preloading 0 native plugins for Editor in 0.00 ms.
Invoked RoslynAnalysisRunner static constructor.
RoslynAnalysisRunner will not be running.
RoslynAnalysisRunner has terminated.
Mono: successfully reloaded assembly
- Completed reload, in  0.810 seconds
Platform modules already initialized, skipping
Refreshing native plugins compatible for Editor in 0.32 ms, found 1 plugins.
Preloading 0 native plugins for Editor in 0.00 ms.
Unloading 1802 Unused Serialized files (Serialized files now loaded: 0)
System memory in use before: 90.5 MB.
System memory in use after: 90.5 MB.

Unloading 12 unused Assets to reduce memory usage. Loaded Objects now: 2307.
Total: 2.085600 ms (FindLiveObjects: 0.306800 ms CreateObjectMapping: 0.091100 ms MarkObjects: 1.585500 ms  DeleteObjects: 0.101400 ms)

========================================================================
Received Import Request.
  Time since last request: 959.950283 seconds.
  path: Assets/Prefab/Square.prefab
  artifactKey: Guid(284022bb39a247a459cb93282c751d85) Importer(815301076,1909f56bfc062723c751e8b465ee728b)
Start importing Assets/Prefab/Square.prefab using Guid(284022bb39a247a459cb93282c751d85) Importer(815301076,1909f56bfc062723c751e8b465ee728b)  -> (artifact id: '793d2989fecd93c3574c0973d1df851b') in 0.073409 seconds
  Import took 0.076630 seconds .

========================================================================
Received Prepare
Registering precompiled user dll's ...
Registered in 0.001034 seconds.
Begin MonoManager ReloadAssembly
Native extension for WindowsStandalone target not found
Refreshing native plugins compatible for Editor in 0.32 ms, found 1 plugins.
Preloading 0 native plugins for Editor in 0.00 ms.
Invoked RoslynAnalysisRunner static constructor.
RoslynAnalysisRunner will not be running.
RoslynAnalysisRunner has terminated.
Mono: successfully reloaded assembly
- Completed reload, in  0.800 seconds
Platform modules already initialized, skipping
Refreshing native plugins compatible for Editor in 0.32 ms, found 1 plugins.
Preloading 0 native plugins for Editor in 0.00 ms.
Unloading 1803 Unused Serialized files (Serialized files now loaded: 0)
System memory in use before: 90.6 MB.
System memory in use after: 90.6 MB.

Unloading 12 unused Assets to reduce memory usage. Loaded Objects now: 2317.
Total: 2.455600 ms (FindLiveObjects: 0.188700 ms CreateObjectMapping: 0.059600 ms MarkObjects: 2.098900 ms  DeleteObjects: 0.107300 ms)

========================================================================
Received Prepare
Registering precompiled user dll's ...
Registered in 0.000811 seconds.
Begin MonoManager ReloadAssembly
Native extension for WindowsStandalone target not found
Refreshing native plugins compatible for Editor in 0.33 ms, found 1 plugins.
Preloading 0 native plugins for Editor in 0.00 ms.
Invoked RoslynAnalysisRunner static constructor.
RoslynAnalysisRunner will not be running.
RoslynAnalysisRunner has terminated.
Mono: successfully reloaded assembly
- Completed reload, in  0.801 seconds
Platform modules already initialized, skipping
Refreshing native plugins compatible for Editor in 0.40 ms, found 1 plugins.
Preloading 0 native plugins for Editor in 0.00 ms.
Unloading 1803 Unused Serialized files (Serialized files now loaded: 0)
System memory in use before: 90.6 MB.
System memory in use after: 90.6 MB.

Unloading 12 unused Assets to reduce memory usage. Loaded Objects now: 2321.
Total: 2.465500 ms (FindLiveObjects: 0.352000 ms CreateObjectMapping: 0.145400 ms MarkObjects: 1.870100 ms  DeleteObjects: 0.097000 ms)

========================================================================
Received Import Request.
  Time since last request: 268.367768 seconds.
  path: Assets/Script/SpawnMino.cs
  artifactKey: Guid(ba44f02bfd0be44409c561edfffbc0be) Importer(815301076,1909f56bfc062723c751e8b465ee728b)
Start importing Assets/Script/SpawnMino.cs using Guid(ba44f02bfd0be44409c561edfffbc0be) Importer(815301076,1909f56bfc062723c751e8b465ee728b)  -> (artifact id: '8690f45117b6e9194af76ea8fa0c306a') in 0.009987 seconds
  Import took 0.013249 seconds .

========================================================================
Received Prepare
Registering precompiled user dll's ...
Registered in 0.001141 seconds.
Begin MonoManager ReloadAssembly
Native extension for WindowsStandalone target not found
Refreshing native plugins compatible for Editor in 0.33 ms, found 1 plugins.
Preloading 0 native plugins for Editor in 0.00 ms.
Invoked RoslynAnalysisRunner static constructor.
RoslynAnalysisRunner will not be running.
RoslynAnalysisRunner has terminated.
Mono: successfully reloaded assembly
- Completed reload, in  0.806 seconds
Platform modules already initialized, skipping
Refreshing native plugins compatible for Editor in 0.35 ms, found 1 plugins.
Preloading 0 native plugins for Editor in 0.00 ms.
Unloading 1803 Unused Serialized files (Serialized files now loaded: 0)
System memory in use before: 90.6 MB.
System memory in use after: 90.6 MB.

Unloading 12 unused Assets to reduce memory usage. Loaded Objects now: 2325.
Total: 2.038600 ms (FindLiveObjects: 0.209600 ms CreateObjectMapping: 0.069500 ms MarkObjects: 1.643200 ms  DeleteObjects: 0.114000 ms)

========================================================================
Received Import Request.
  Time since last request: 3664.668515 seconds.
  path: Assets/Script/SpawnMino.cs
  artifactKey: Guid(ba44f02bfd0be44409c561edfffbc0be) Importer(815301076,1909f56bfc062723c751e8b465ee728b)
Start importing Assets/Script/SpawnMino.cs using Guid(ba44f02bfd0be44409c561edfffbc0be) Importer(815301076,1909f56bfc062723c751e8b465ee728b)  -> (artifact id: 'ed2ef05eb86b985010dba438c39291de') in 0.009964 seconds
  Import took 0.013476 seconds .

========================================================================
Received Prepare
Registering precompiled user dll's ...
Registered in 0.000931 seconds.
Begin MonoManager ReloadAssembly
Native extension for WindowsStandalone target not found
Refreshing native plugins compatible for Editor in 0.32 ms, found 1 plugins.
Preloading 0 native plugins for Editor in 0.00 ms.
Invoked RoslynAnalysisRunner static constructor.
RoslynAnalysisRunner will not be running.
RoslynAnalysisRunner has terminated.
Mono: successfully reloaded assembly
- Completed reload, in  0.772 seconds
Platform modules already initialized, skipping
Refreshing native plugins compatible for Editor in 0.34 ms, found 1 plugins.
Preloading 0 native plugins for Editor in 0.00 ms.
Unloading 1803 Unused Serialized files (Serialized files now loaded: 0)
System memory in use before: 90.6 MB.
System memory in use after: 90.6 MB.

Unloading 12 unused Assets to reduce memory usage. Loaded Objects now: 2329.
Total: 2.163200 ms (FindLiveObjects: 0.259400 ms CreateObjectMapping: 0.147600 ms MarkObjects: 1.649000 ms  DeleteObjects: 0.106000 ms)

========================================================================
Received Prepare
Registering precompiled user dll's ...
Registered in 0.001074 seconds.
Begin MonoManager ReloadAssembly
Native extension for WindowsStandalone target not found
Refreshing native plugins compatible for Editor in 0.33 ms, found 1 plugins.
Preloading 0 native plugins for Editor in 0.00 ms.
Invoked RoslynAnalysisRunner static constructor.
RoslynAnalysisRunner will not be running.
RoslynAnalysisRunner has terminated.
Mono: successfully reloaded assembly
- Completed reload, in  0.854 seconds
Platform modules already initialized, skipping
Refreshing native plugins compatible for Editor in 0.31 ms, found 1 plugins.
Preloading 0 native plugins for Editor in 0.00 ms.
Unloading 1803 Unused Serialized files (Serialized files now loaded: 0)
System memory in use before: 90.6 MB.
System memory in use after: 90.6 MB.

Unloading 12 unused Assets to reduce memory usage. Loaded Objects now: 2333.
Total: 2.426500 ms (FindLiveObjects: 0.278700 ms CreateObjectMapping: 0.072100 ms MarkObjects: 1.878300 ms  DeleteObjects: 0.195700 ms)

========================================================================
Received Prepare
Registering precompiled user dll's ...
Registered in 0.000910 seconds.
Begin MonoManager ReloadAssembly
Native extension for WindowsStandalone target not found
Refreshing native plugins compatible for Editor in 0.33 ms, found 1 plugins.
Preloading 0 native plugins for Editor in 0.00 ms.
Invoked RoslynAnalysisRunner static constructor.
RoslynAnalysisRunner will not be running.
RoslynAnalysisRunner has terminated.
Mono: successfully reloaded assembly
- Completed reload, in  0.916 seconds
Platform modules already initialized, skipping
Refreshing native plugins compatible for Editor in 0.33 ms, found 1 plugins.
Preloading 0 native plugins for Editor in 0.00 ms.
Unloading 1803 Unused Serialized files (Serialized files now loaded: 0)
System memory in use before: 90.6 MB.
System memory in use after: 90.6 MB.

Unloading 12 unused Assets to reduce memory usage. Loaded Objects now: 2337.
Total: 2.110500 ms (FindLiveObjects: 0.238300 ms CreateObjectMapping: 0.123900 ms MarkObjects: 1.635300 ms  DeleteObjects: 0.111800 ms)

========================================================================
Received Prepare
Registering precompiled user dll's ...
Registered in 0.000841 seconds.
Begin MonoManager ReloadAssembly
Native extension for WindowsStandalone target not found
Refreshing native plugins compatible for Editor in 0.35 ms, found 1 plugins.
Preloading 0 native plugins for Editor in 0.00 ms.
Invoked RoslynAnalysisRunner static constructor.
RoslynAnalysisRunner will not be running.
RoslynAnalysisRunner has terminated.
Mono: successfully reloaded assembly
- Completed reload, in  0.793 seconds
Platform modules already initialized, skipping
Refreshing native plugins compatible for Editor in 0.32 ms, found 1 plugins.
Preloading 0 native plugins for Editor in 0.00 ms.
Unloading 1803 Unused Serialized files (Serialized files now loaded: 0)
System memory in use before: 90.6 MB.
System memory in use after: 90.6 MB.

Unloading 12 unused Assets to reduce memory usage. Loaded Objects now: 2341.
Total: 2.327500 ms (FindLiveObjects: 0.374000 ms CreateObjectMapping: 0.114800 ms MarkObjects: 1.710700 ms  DeleteObjects: 0.127000 ms)

========================================================================
Received Prepare
Registering precompiled user dll's ...
Registered in 0.000853 seconds.
Begin MonoManager ReloadAssembly
Native extension for WindowsStandalone target not found
Refreshing native plugins compatible for Editor in 0.31 ms, found 1 plugins.
Preloading 0 native plugins for Editor in 0.00 ms.
Invoked RoslynAnalysisRunner static constructor.
RoslynAnalysisRunner will not be running.
RoslynAnalysisRunner has terminated.
Mono: successfully reloaded assembly
- Completed reload, in  0.803 seconds
Platform modules already initialized, skipping
Refreshing native plugins compatible for Editor in 0.32 ms, found 1 plugins.
Preloading 0 native plugins for Editor in 0.00 ms.
Unloading 1803 Unused Serialized files (Serialized files now loaded: 0)
System memory in use before: 90.7 MB.
System memory in use after: 90.7 MB.

Unloading 12 unused Assets to reduce memory usage. Loaded Objects now: 2345.
Total: 2.323000 ms (FindLiveObjects: 0.181200 ms CreateObjectMapping: 0.066900 ms MarkObjects: 1.972200 ms  DeleteObjects: 0.101800 ms)

========================================================================
Received Prepare
Registering precompiled user dll's ...
Registered in 0.000861 seconds.
Begin MonoManager ReloadAssembly
Native extension for WindowsStandalone target not found
Refreshing native plugins compatible for Editor in 0.35 ms, found 1 plugins.
Preloading 0 native plugins for Editor in 0.00 ms.
Invoked RoslynAnalysisRunner static constructor.
RoslynAnalysisRunner will not be running.
RoslynAnalysisRunner has terminated.
Mono: successfully reloaded assembly
- Completed reload, in  0.860 seconds
Platform modules already initialized, skipping
Refreshing native plugins compatible for Editor in 0.33 ms, found 1 plugins.
Preloading 0 native plugins for Editor in 0.00 ms.
Unloading 1803 Unused Serialized files (Serialized files now loaded: 0)
System memory in use before: 90.7 MB.
System memory in use after: 90.7 MB.

Unloading 12 unused Assets to reduce memory usage. Loaded Objects now: 2349.
Total: 2.372000 ms (FindLiveObjects: 0.189100 ms CreateObjectMapping: 0.069000 ms MarkObjects: 2.008500 ms  DeleteObjects: 0.104600 ms)

========================================================================
Received Prepare
Registering precompiled user dll's ...
Registered in 0.000849 seconds.
Begin MonoManager ReloadAssembly
Native extension for WindowsStandalone target not found
Refreshing native plugins compatible for Editor in 0.31 ms, found 1 plugins.
Preloading 0 native plugins for Editor in 0.00 ms.
Invoked RoslynAnalysisRunner static constructor.
RoslynAnalysisRunner will not be running.
RoslynAnalysisRunner has terminated.
Mono: successfully reloaded assembly
- Completed reload, in  0.851 seconds
Platform modules already initialized, skipping
Refreshing native plugins compatible for Editor in 0.34 ms, found 1 plugins.
Preloading 0 native plugins for Editor in 0.00 ms.
Unloading 1803 Unused Serialized files (Serialized files now loaded: 0)
System memory in use before: 90.7 MB.
System memory in use after: 90.7 MB.

Unloading 12 unused Assets to reduce memory usage. Loaded Objects now: 2353.
Total: 2.391600 ms (FindLiveObjects: 0.288300 ms CreateObjectMapping: 0.067100 ms MarkObjects: 1.930000 ms  DeleteObjects: 0.105000 ms)

========================================================================
Received Prepare
Registering precompiled user dll's ...
Registered in 0.000869 seconds.
Begin MonoManager ReloadAssembly
Native extension for WindowsStandalone target not found
Refreshing native plugins compatible for Editor in 0.35 ms, found 1 plugins.
Preloading 0 native plugins for Editor in 0.00 ms.
Invoked RoslynAnalysisRunner static constructor.
RoslynAnalysisRunner will not be running.
RoslynAnalysisRunner has terminated.
Mono: successfully reloaded assembly
- Completed reload, in  0.814 seconds
Platform modules already initialized, skipping
Refreshing native plugins compatible for Editor in 0.34 ms, found 1 plugins.
Preloading 0 native plugins for Editor in 0.00 ms.
Unloading 1803 Unused Serialized files (Serialized files now loaded: 0)
System memory in use before: 90.7 MB.
System memory in use after: 90.7 MB.

Unloading 12 unused Assets to reduce memory usage. Loaded Objects now: 2357.
Total: 2.205500 ms (FindLiveObjects: 0.169600 ms CreateObjectMapping: 0.063200 ms MarkObjects: 1.869000 ms  DeleteObjects: 0.103000 ms)

========================================================================
Received Prepare
Registering precompiled user dll's ...
Registered in 0.000863 seconds.
Begin MonoManager ReloadAssembly
Native extension for WindowsStandalone target not found
Refreshing native plugins compatible for Editor in 0.35 ms, found 1 plugins.
Preloading 0 native plugins for Editor in 0.00 ms.
Invoked RoslynAnalysisRunner static constructor.
RoslynAnalysisRunner will not be running.
RoslynAnalysisRunner has terminated.
Mono: successfully reloaded assembly
- Completed reload, in  0.792 seconds
Platform modules already initialized, skipping
Refreshing native plugins compatible for Editor in 0.32 ms, found 1 plugins.
Preloading 0 native plugins for Editor in 0.00 ms.
Unloading 1803 Unused Serialized files (Serialized files now loaded: 0)
System memory in use before: 90.7 MB.
System memory in use after: 90.7 MB.

Unloading 12 unused Assets to reduce memory usage. Loaded Objects now: 2361.
Total: 2.778700 ms (FindLiveObjects: 0.285300 ms CreateObjectMapping: 0.090700 ms MarkObjects: 2.247700 ms  DeleteObjects: 0.153400 ms)

AssetImportWorkerClient::OnTransportError - code=2 error=End of file
